<?xml version="1.0" encoding="UTF-8"?>
<testng-results skipped="0" failed="0" total="10" passed="10">
  <reporter-output>
  </reporter-output>
  <suite name="Default suite" duration-ms="4344" started-at="2018-07-20T15:47:03Z" finished-at="2018-07-20T15:47:07Z">
    <groups>
    </groups>
    <test name="Default test" duration-ms="4344" started-at="2018-07-20T15:47:03Z" finished-at="2018-07-20T15:47:07Z">
      <class name="com.scp.crud.CRUD.PerfomAuthenticationTest">
        <test-method status="PASS" signature="perforLogin(java.lang.String, java.lang.String, java.lang.String)[pri:0, instance:com.scp.crud.CRUD.PerfomAuthenticationTest@4157f54e]" name="perforLogin" duration-ms="3464" started-at="2018-07-20T15:47:04Z" finished-at="2018-07-20T15:47:07Z">
          <params>
            <param index="0">
              <value>
                <![CDATA[Sunday]]>
              </value>
            </param>
            <param index="1">
              <value>
                <![CDATA[MAY]]>
              </value>
            </param>
            <param index="2">
              <value>
                <![CDATA[Invalid Credentials]]>
              </value>
            </param>
          </params>
        </test-method>
        <test-method status="PASS" signature="perforLogin(java.lang.String, java.lang.String, java.lang.String)[pri:0, instance:com.scp.crud.CRUD.PerfomAuthenticationTest@4157f54e]" name="perforLogin" duration-ms="9" started-at="2018-07-20T15:47:07Z" finished-at="2018-07-20T15:47:07Z">
          <params>
            <param index="0">
              <value>
                <![CDATA[Monday]]>
              </value>
            </param>
            <param index="1">
              <value is-null="true"/>
            </param>
            <param index="2">
              <value>
                <![CDATA[Password cannot be Empty]]>
              </value>
            </param>
          </params>
        </test-method>
        <test-method status="PASS" signature="perforLogin(java.lang.String, java.lang.String, java.lang.String)[pri:0, instance:com.scp.crud.CRUD.PerfomAuthenticationTest@4157f54e]" name="perforLogin" duration-ms="5" started-at="2018-07-20T15:47:07Z" finished-at="2018-07-20T15:47:07Z">
          <params>
            <param index="0">
              <value is-null="true"/>
            </param>
            <param index="1">
              <value>
                <![CDATA[admin]]>
              </value>
            </param>
            <param index="2">
              <value>
                <![CDATA[username can not be empty]]>
              </value>
            </param>
          </params>
        </test-method>
        <test-method status="PASS" signature="perforLogin(java.lang.String, java.lang.String, java.lang.String)[pri:0, instance:com.scp.crud.CRUD.PerfomAuthenticationTest@4157f54e]" name="perforLogin" duration-ms="7" started-at="2018-07-20T15:47:07Z" finished-at="2018-07-20T15:47:07Z">
          <params>
            <param index="0">
              <value>
                <![CDATA[sushil]]>
              </value>
            </param>
            <param index="1">
              <value>
                <![CDATA[admin]]>
              </value>
            </param>
            <param index="2">
              <value>
                <![CDATA[SUCCESS]]>
              </value>
            </param>
          </params>
        </test-method>
        <test-method status="PASS" signature="perforLogin(java.lang.String, java.lang.String, java.lang.String)[pri:0, instance:com.scp.crud.CRUD.PerfomAuthenticationTest@4157f54e]" name="perforLogin" duration-ms="8" started-at="2018-07-20T15:47:07Z" finished-at="2018-07-20T15:47:07Z">
          <params>
            <param index="0">
              <value>
                <![CDATA[Tuesday]]>
              </value>
            </param>
            <param index="1">
              <value>
                <![CDATA[JUNE]]>
              </value>
            </param>
            <param index="2">
              <value>
                <![CDATA[Invalid Credentials]]>
              </value>
            </param>
          </params>
        </test-method>
        <test-method status="PASS" signature="perforLogin(java.lang.String, java.lang.String, java.lang.String)[pri:0, instance:com.scp.crud.CRUD.PerfomAuthenticationTest@4157f54e]" name="perforLogin" duration-ms="6" started-at="2018-07-20T15:47:07Z" finished-at="2018-07-20T15:47:07Z">
          <params>
            <param index="0">
              <value>
                <![CDATA[wen]]>
              </value>
            </param>
            <param index="1">
              <value>
                <![CDATA[JULY]]>
              </value>
            </param>
            <param index="2">
              <value>
                <![CDATA[Invalid Credentials]]>
              </value>
            </param>
          </params>
        </test-method>
        <test-method status="PASS" signature="perforLogin(java.lang.String, java.lang.String, java.lang.String)[pri:0, instance:com.scp.crud.CRUD.PerfomAuthenticationTest@4157f54e]" name="perforLogin" duration-ms="5" started-at="2018-07-20T15:47:07Z" finished-at="2018-07-20T15:47:07Z">
          <params>
            <param index="0">
              <value>
                <![CDATA[fri]]>
              </value>
            </param>
            <param index="1">
              <value>
                <![CDATA[AUG]]>
              </value>
            </param>
            <param index="2">
              <value>
                <![CDATA[Invalid Credentials]]>
              </value>
            </param>
          </params>
        </test-method>
        <test-method status="PASS" signature="perforLogin(java.lang.String, java.lang.String, java.lang.String)[pri:0, instance:com.scp.crud.CRUD.PerfomAuthenticationTest@4157f54e]" name="perforLogin" duration-ms="12" started-at="2018-07-20T15:47:07Z" finished-at="2018-07-20T15:47:07Z">
          <params>
            <param index="0">
              <value>
                <![CDATA[sat]]>
              </value>
            </param>
            <param index="1">
              <value>
                <![CDATA[SEP]]>
              </value>
            </param>
            <param index="2">
              <value>
                <![CDATA[Invalid Credentials]]>
              </value>
            </param>
          </params>
        </test-method>
        <test-method status="PASS" signature="perforLogin(java.lang.String, java.lang.String, java.lang.String)[pri:0, instance:com.scp.crud.CRUD.PerfomAuthenticationTest@4157f54e]" name="perforLogin" duration-ms="6" started-at="2018-07-20T15:47:07Z" finished-at="2018-07-20T15:47:07Z">
          <params>
            <param index="0">
              <value>
                <![CDATA[Sun]]>
              </value>
            </param>
            <param index="1">
              <value>
                <![CDATA[OCT]]>
              </value>
            </param>
            <param index="2">
              <value>
                <![CDATA[Invalid Credentials]]>
              </value>
            </param>
          </params>
        </test-method>
        <test-method status="PASS" signature="perforLogin(java.lang.String, java.lang.String, java.lang.String)[pri:0, instance:com.scp.crud.CRUD.PerfomAuthenticationTest@4157f54e]" name="perforLogin" duration-ms="43" started-at="2018-07-20T15:47:07Z" finished-at="2018-07-20T15:47:07Z">
          <params>
            <param index="0">
              <value>
                <![CDATA[Mon]]>
              </value>
            </param>
            <param index="1">
              <value>
                <![CDATA[NOV]]>
              </value>
            </param>
            <param index="2">
              <value>
                <![CDATA[Invalid Credentials]]>
              </value>
            </param>
          </params>
        </test-method>
      </class>
    </test>
  </suite>
</testng-results>
